<?xml version="1.0" encoding="UTF-8"?>
<!-- Generated by org.testng.reporters.JUnitXMLReporter -->
<testsuite ignored="0" hostname="ICTDEV-W25" failures="0" tests="11" name=" Assignment 2" time="244.477" errors="0" timestamp="2022-11-30T10:40:36 IST">
  <testcase classname="com.assignment.qa.testcases.LoginpageTest" name="LoginPageTitleTest" time="0.016"/>
  <testcase classname="com.assignment.qa.testcases.LoginpageTest" name="ValidateLoginTest" time="0.293"/>
  <testcase classname="com.assignment.qa.testcases.HomepageTest" name="VerifyPageTitleTest" time="0.009"/>
  <testcase classname="com.assignment.qa.testcases.HomepageTest" name="ClickOnUsersLink" time="8.662"/>
  <testcase classname="com.assignment.qa.testcases.HomepageTest" name="ClickOnApproveTimeTrackLink" time="8.352"/>
  <testcase classname="com.assignment.qa.testcases.HomepageTest" name="ClickOnReportLink" time="9.087"/>
  <testcase classname="com.assignment.qa.testcases.ApprovepageTest" name="VerifyUserTitleLableTest" time="0.035"/>
  <testcase classname="com.assignment.qa.testcases.ApprovepageTest" name="ApproveTime" time="1.599"/>
  <testcase classname="com.assignment.qa.testcases.ReportpageTest" name="VerifyUserTitleLableTest" time="0.034"/>
  <testcase classname="com.assignment.qa.testcases.ReportpageTest" name="GenerateLeaveReport" time="2.651"/>
  <testcase classname="com.assignment.qa.testcases.UserpageTest" name="VerifyUserTitleLableTest" time="0.034"/>
</testsuite> <!--  Assignment 2 -->
