<?xml version="1.0" encoding="UTF-8"?>
<!-- Generated by org.testng.reporters.JUnitXMLReporter -->
<testsuite ignored="0" hostname="ICTDEV-W25" failures="0" tests="2" name="Default test" time="45.157" errors="0" timestamp="2022-11-30T10:14:45 IST">
  <testcase classname="com.assignment.qa.testcases.ReportpageTest" name="VerifyUserTitleLableTest" time="0.052"/>
  <testcase classname="com.assignment.qa.testcases.ReportpageTest" name="GenerateLeaveReport" time="1.809"/>
</testsuite> <!-- Default test -->
