<?xml version="1.0" encoding="UTF-8"?>
<testng-results ignored="0" total="11" passed="11" failed="0" skipped="0">
  <reporter-output>
  </reporter-output>
  <suite started-at="2022-11-30T10:36:31 IST" name="Assignment" finished-at="2022-11-30T10:40:36 IST" duration-ms="244477">
    <groups>
    </groups>
    <test started-at="2022-11-30T10:36:31 IST" name=" Assignment 2" finished-at="2022-11-30T10:40:36 IST" duration-ms="244477">
      <class name="com.assignment.qa.testcases.ApprovepageTest">
        <test-method is-config="true" signature="SetUp()[pri:0, instance:com.assignment.qa.testcases.ApprovepageTest@4470fbd6]" started-at="2022-11-30T10:38:32 IST" name="SetUp" finished-at="2022-11-30T10:38:58 IST" duration-ms="25415" status="PASS">
          <reporter-output>
          </reporter-output>
        </test-method> <!-- SetUp -->
        <test-method signature="VerifyUserTitleLableTest()[pri:1, instance:com.assignment.qa.testcases.ApprovepageTest@4470fbd6]" started-at="2022-11-30T10:38:58 IST" name="VerifyUserTitleLableTest" finished-at="2022-11-30T10:38:58 IST" duration-ms="35" status="PASS">
          <reporter-output>
          </reporter-output>
        </test-method> <!-- VerifyUserTitleLableTest -->
        <test-method is-config="true" signature="Dispose()[pri:0, instance:com.assignment.qa.testcases.ApprovepageTest@4470fbd6]" started-at="2022-11-30T10:38:58 IST" name="Dispose" finished-at="2022-11-30T10:38:59 IST" duration-ms="964" status="PASS">
          <reporter-output>
          </reporter-output>
        </test-method> <!-- Dispose -->
        <test-method is-config="true" signature="SetUp()[pri:0, instance:com.assignment.qa.testcases.ApprovepageTest@4470fbd6]" started-at="2022-11-30T10:38:59 IST" name="SetUp" finished-at="2022-11-30T10:39:19 IST" duration-ms="20295" status="PASS">
          <reporter-output>
          </reporter-output>
        </test-method> <!-- SetUp -->
        <test-method signature="ApproveTime(java.lang.String,java.lang.String)[pri:2, instance:com.assignment.qa.testcases.ApprovepageTest@4470fbd6]" started-at="2022-11-30T10:39:19 IST" name="ApproveTime" data-provider="getTestDataFromExcel" finished-at="2022-11-30T10:39:21 IST" duration-ms="1599" status="PASS">
          <params>
            <param index="0">
              <value>
                <![CDATA[White, Jane]]>
              </value>
            </param>
            <param index="1">
              <value>
                <![CDATA[Nov 07 - Nov 13, 2022]]>
              </value>
            </param>
          </params>
          <reporter-output>
          </reporter-output>
        </test-method> <!-- ApproveTime -->
        <test-method is-config="true" signature="Dispose()[pri:0, instance:com.assignment.qa.testcases.ApprovepageTest@4470fbd6]" started-at="2022-11-30T10:39:21 IST" name="Dispose" finished-at="2022-11-30T10:39:24 IST" duration-ms="2627" status="PASS">
          <reporter-output>
          </reporter-output>
        </test-method> <!-- Dispose -->
      </class> <!-- com.assignment.qa.testcases.ApprovepageTest -->
      <class name="com.assignment.qa.testcases.ReportpageTest">
        <test-method is-config="true" signature="SetUp()[pri:0, instance:com.assignment.qa.testcases.ReportpageTest@15d49048]" started-at="2022-11-30T10:39:24 IST" name="SetUp" finished-at="2022-11-30T10:39:53 IST" duration-ms="29553" status="PASS">
          <reporter-output>
          </reporter-output>
        </test-method> <!-- SetUp -->
        <test-method signature="VerifyUserTitleLableTest()[pri:1, instance:com.assignment.qa.testcases.ReportpageTest@15d49048]" started-at="2022-11-30T10:39:53 IST" name="VerifyUserTitleLableTest" finished-at="2022-11-30T10:39:53 IST" duration-ms="34" status="PASS">
          <reporter-output>
          </reporter-output>
        </test-method> <!-- VerifyUserTitleLableTest -->
        <test-method is-config="true" signature="Dispose()[pri:0, instance:com.assignment.qa.testcases.ReportpageTest@15d49048]" started-at="2022-11-30T10:39:53 IST" name="Dispose" finished-at="2022-11-30T10:39:55 IST" duration-ms="1266" status="PASS">
          <reporter-output>
          </reporter-output>
        </test-method> <!-- Dispose -->
        <test-method is-config="true" signature="SetUp()[pri:0, instance:com.assignment.qa.testcases.ReportpageTest@15d49048]" started-at="2022-11-30T10:39:55 IST" name="SetUp" finished-at="2022-11-30T10:40:13 IST" duration-ms="18170" status="PASS">
          <reporter-output>
          </reporter-output>
        </test-method> <!-- SetUp -->
        <test-method signature="GenerateLeaveReport()[pri:2, instance:com.assignment.qa.testcases.ReportpageTest@15d49048]" started-at="2022-11-30T10:40:13 IST" name="GenerateLeaveReport" finished-at="2022-11-30T10:40:15 IST" duration-ms="2651" status="PASS">
          <reporter-output>
          </reporter-output>
        </test-method> <!-- GenerateLeaveReport -->
        <test-method is-config="true" signature="Dispose()[pri:0, instance:com.assignment.qa.testcases.ReportpageTest@15d49048]" started-at="2022-11-30T10:40:15 IST" name="Dispose" finished-at="2022-11-30T10:40:16 IST" duration-ms="1078" status="PASS">
          <reporter-output>
          </reporter-output>
        </test-method> <!-- Dispose -->
      </class> <!-- com.assignment.qa.testcases.ReportpageTest -->
      <class name="com.assignment.qa.testcases.HomepageTest">
        <test-method is-config="true" signature="SetUp()[pri:0, instance:com.assignment.qa.testcases.HomepageTest@448c8166]" started-at="2022-11-30T10:37:10 IST" name="SetUp" finished-at="2022-11-30T10:37:22 IST" duration-ms="11793" status="PASS">
          <reporter-output>
          </reporter-output>
        </test-method> <!-- SetUp -->
        <test-method signature="VerifyPageTitleTest()[pri:1, instance:com.assignment.qa.testcases.HomepageTest@448c8166]" started-at="2022-11-30T10:37:22 IST" name="VerifyPageTitleTest" finished-at="2022-11-30T10:37:22 IST" duration-ms="9" status="PASS">
          <reporter-output>
          </reporter-output>
        </test-method> <!-- VerifyPageTitleTest -->
        <test-method is-config="true" signature="Dispose()[pri:0, instance:com.assignment.qa.testcases.HomepageTest@448c8166]" started-at="2022-11-30T10:37:22 IST" name="Dispose" finished-at="2022-11-30T10:37:23 IST" duration-ms="1787" status="PASS">
          <reporter-output>
          </reporter-output>
        </test-method> <!-- Dispose -->
        <test-method is-config="true" signature="SetUp()[pri:0, instance:com.assignment.qa.testcases.HomepageTest@448c8166]" started-at="2022-11-30T10:37:23 IST" name="SetUp" finished-at="2022-11-30T10:37:41 IST" duration-ms="17426" status="PASS">
          <reporter-output>
          </reporter-output>
        </test-method> <!-- SetUp -->
        <test-method signature="ClickOnUsersLink()[pri:2, instance:com.assignment.qa.testcases.HomepageTest@448c8166]" started-at="2022-11-30T10:37:41 IST" name="ClickOnUsersLink" finished-at="2022-11-30T10:37:49 IST" duration-ms="8662" status="PASS">
          <reporter-output>
          </reporter-output>
        </test-method> <!-- ClickOnUsersLink -->
        <test-method is-config="true" signature="Dispose()[pri:0, instance:com.assignment.qa.testcases.HomepageTest@448c8166]" started-at="2022-11-30T10:37:49 IST" name="Dispose" finished-at="2022-11-30T10:37:51 IST" duration-ms="1114" status="PASS">
          <reporter-output>
          </reporter-output>
        </test-method> <!-- Dispose -->
        <test-method is-config="true" signature="SetUp()[pri:0, instance:com.assignment.qa.testcases.HomepageTest@448c8166]" started-at="2022-11-30T10:37:51 IST" name="SetUp" finished-at="2022-11-30T10:38:02 IST" duration-ms="11380" status="PASS">
          <reporter-output>
          </reporter-output>
        </test-method> <!-- SetUp -->
        <test-method signature="ClickOnApproveTimeTrackLink()[pri:3, instance:com.assignment.qa.testcases.HomepageTest@448c8166]" started-at="2022-11-30T10:38:02 IST" name="ClickOnApproveTimeTrackLink" finished-at="2022-11-30T10:38:10 IST" duration-ms="8352" status="PASS">
          <reporter-output>
          </reporter-output>
        </test-method> <!-- ClickOnApproveTimeTrackLink -->
        <test-method is-config="true" signature="Dispose()[pri:0, instance:com.assignment.qa.testcases.HomepageTest@448c8166]" started-at="2022-11-30T10:38:10 IST" name="Dispose" finished-at="2022-11-30T10:38:11 IST" duration-ms="1072" status="PASS">
          <reporter-output>
          </reporter-output>
        </test-method> <!-- Dispose -->
        <test-method is-config="true" signature="SetUp()[pri:0, instance:com.assignment.qa.testcases.HomepageTest@448c8166]" started-at="2022-11-30T10:38:11 IST" name="SetUp" finished-at="2022-11-30T10:38:22 IST" duration-ms="10755" status="PASS">
          <reporter-output>
          </reporter-output>
        </test-method> <!-- SetUp -->
        <test-method signature="ClickOnReportLink()[pri:4, instance:com.assignment.qa.testcases.HomepageTest@448c8166]" started-at="2022-11-30T10:38:22 IST" name="ClickOnReportLink" finished-at="2022-11-30T10:38:31 IST" duration-ms="9087" status="PASS">
          <reporter-output>
          </reporter-output>
        </test-method> <!-- ClickOnReportLink -->
        <test-method is-config="true" signature="Dispose()[pri:0, instance:com.assignment.qa.testcases.HomepageTest@448c8166]" started-at="2022-11-30T10:38:31 IST" name="Dispose" finished-at="2022-11-30T10:38:32 IST" duration-ms="1217" status="PASS">
          <reporter-output>
          </reporter-output>
        </test-method> <!-- Dispose -->
      </class> <!-- com.assignment.qa.testcases.HomepageTest -->
      <class name="com.assignment.qa.testcases.UserpageTest">
        <test-method is-config="true" signature="SetUp()[pri:0, instance:com.assignment.qa.testcases.UserpageTest@7098b907]" started-at="2022-11-30T10:40:16 IST" name="SetUp" finished-at="2022-11-30T10:40:34 IST" duration-ms="17897" status="PASS">
          <reporter-output>
          </reporter-output>
        </test-method> <!-- SetUp -->
        <test-method signature="VerifyUserTitleLableTest()[pri:1, instance:com.assignment.qa.testcases.UserpageTest@7098b907]" started-at="2022-11-30T10:40:34 IST" name="VerifyUserTitleLableTest" finished-at="2022-11-30T10:40:34 IST" duration-ms="34" status="PASS">
          <reporter-output>
          </reporter-output>
        </test-method> <!-- VerifyUserTitleLableTest -->
        <test-method is-config="true" signature="Dispose()[pri:0, instance:com.assignment.qa.testcases.UserpageTest@7098b907]" started-at="2022-11-30T10:40:34 IST" name="Dispose" finished-at="2022-11-30T10:40:36 IST" duration-ms="1223" status="PASS">
          <reporter-output>
          </reporter-output>
        </test-method> <!-- Dispose -->
      </class> <!-- com.assignment.qa.testcases.UserpageTest -->
      <class name="com.assignment.qa.testcases.LoginpageTest">
        <test-method is-config="true" signature="setUp()[pri:0, instance:com.assignment.qa.testcases.LoginpageTest@626abbd0]" started-at="2022-11-30T10:36:31 IST" name="setUp" finished-at="2022-11-30T10:36:52 IST" duration-ms="21323" status="PASS">
          <reporter-output>
          </reporter-output>
        </test-method> <!-- setUp -->
        <test-method signature="LoginPageTitleTest()[pri:1, instance:com.assignment.qa.testcases.LoginpageTest@626abbd0]" started-at="2022-11-30T10:36:52 IST" name="LoginPageTitleTest" finished-at="2022-11-30T10:36:53 IST" duration-ms="16" status="PASS">
          <reporter-output>
          </reporter-output>
        </test-method> <!-- LoginPageTitleTest -->
        <test-method is-config="true" signature="Dispose()[pri:0, instance:com.assignment.qa.testcases.LoginpageTest@626abbd0]" started-at="2022-11-30T10:36:53 IST" name="Dispose" finished-at="2022-11-30T10:36:54 IST" duration-ms="1829" status="PASS">
          <reporter-output>
          </reporter-output>
        </test-method> <!-- Dispose -->
        <test-method is-config="true" signature="setUp()[pri:0, instance:com.assignment.qa.testcases.LoginpageTest@626abbd0]" started-at="2022-11-30T10:36:54 IST" name="setUp" finished-at="2022-11-30T10:37:08 IST" duration-ms="14069" status="PASS">
          <reporter-output>
          </reporter-output>
        </test-method> <!-- setUp -->
        <test-method signature="ValidateLoginTest()[pri:2, instance:com.assignment.qa.testcases.LoginpageTest@626abbd0]" started-at="2022-11-30T10:37:08 IST" name="ValidateLoginTest" finished-at="2022-11-30T10:37:09 IST" duration-ms="293" status="PASS">
          <reporter-output>
          </reporter-output>
        </test-method> <!-- ValidateLoginTest -->
        <test-method is-config="true" signature="Dispose()[pri:0, instance:com.assignment.qa.testcases.LoginpageTest@626abbd0]" started-at="2022-11-30T10:37:09 IST" name="Dispose" finished-at="2022-11-30T10:37:10 IST" duration-ms="1034" status="PASS">
          <reporter-output>
          </reporter-output>
        </test-method> <!-- Dispose -->
      </class> <!-- com.assignment.qa.testcases.LoginpageTest -->
    </test> <!--  Assignment 2 -->
  </suite> <!-- Assignment -->
</testng-results>
